11:23:23: Creating resource group General
11:23:23: Creating resource group Internal
11:23:23: Creating resource group Autodetect
11:23:23: SceneManagerFactory for type 'DefaultSceneManager' registered.
11:23:23: Registering ResourceManager for type Material
11:23:23: Registering ResourceManager for type Mesh
11:23:23: Registering ResourceManager for type Skeleton
11:23:23: MovableObjectFactory for type 'ParticleSystem' registered.
11:23:23: OverlayElementFactory for type Panel registered.
11:23:23: OverlayElementFactory for type BorderPanel registered.
11:23:23: OverlayElementFactory for type TextArea registered.
11:23:23: Registering ResourceManager for type Font
11:23:23: ArchiveFactory for archive type FileSystem registered.
11:23:23: ArchiveFactory for archive type Zip registered.
11:23:23: ArchiveFactory for archive type EmbeddedZip registered.
11:23:23: DDS codec registering
11:23:23: FreeImage version: 3.15.4
11:23:23: This program uses FreeImage, a free, open source image library supporting all common bitmap formats. See http://freeimage.sourceforge.net for details
11:23:23: Supported formats: bmp,ico,jpg,jif,jpeg,jpe,jng,koa,iff,lbm,mng,pbm,pbm,pcd,pcx,pgm,pgm,png,ppm,ppm,ras,tga,targa,tif,tiff,wap,wbmp,wbm,psd,cut,xbm,xpm,gif,hdr,g3,sgi,exr,j2k,j2c,jp2,pfm,pct,pict,pic,3fr,arw,bay,bmq,cap,cine,cr2,crw,cs1,dc2,dcr,drf,dsc,dng,erf,fff,ia,iiq,k25,kc2,kdc,mdc,mef,mos,mrw,nef,nrw,orf,pef,ptx,pxn,qtk,raf,raw,rdc,rw2,rwl,rwz,sr2,srf,srw,sti
11:23:23: Registering ResourceManager for type HighLevelGpuProgram
11:23:23: Registering ResourceManager for type Compositor
11:23:23: MovableObjectFactory for type 'Entity' registered.
11:23:23: MovableObjectFactory for type 'Light' registered.
11:23:23: MovableObjectFactory for type 'BillboardSet' registered.
11:23:23: MovableObjectFactory for type 'ManualObject' registered.
11:23:23: MovableObjectFactory for type 'BillboardChain' registered.
11:23:23: MovableObjectFactory for type 'RibbonTrail' registered.
11:23:23: Loading library /usr/lib/x86_64-linux-gnu/OGRE-1.8.0/RenderSystem_GL
11:23:23: Installing plugin: GL RenderSystem
11:23:23: OpenGL Rendering Subsystem created.
11:23:23: Plugin successfully installed
11:23:23: Loading library /usr/lib/x86_64-linux-gnu/OGRE-1.8.0/Plugin_ParticleFX
11:23:23: Installing plugin: ParticleFX
11:23:23: Particle Emitter Type 'Point' registered
11:23:23: Particle Emitter Type 'Box' registered
11:23:23: Particle Emitter Type 'Ellipsoid' registered
11:23:23: Particle Emitter Type 'Cylinder' registered
11:23:23: Particle Emitter Type 'Ring' registered
11:23:23: Particle Emitter Type 'HollowEllipsoid' registered
11:23:23: Particle Affector Type 'LinearForce' registered
11:23:23: Particle Affector Type 'ColourFader' registered
11:23:23: Particle Affector Type 'ColourFader2' registered
11:23:23: Particle Affector Type 'ColourImage' registered
11:23:23: Particle Affector Type 'ColourInterpolator' registered
11:23:23: Particle Affector Type 'Scaler' registered
11:23:23: Particle Affector Type 'Rotator' registered
11:23:23: Particle Affector Type 'DirectionRandomiser' registered
11:23:23: Particle Affector Type 'DeflectorPlane' registered
11:23:23: Plugin successfully installed
11:23:23: Loading library /usr/lib/x86_64-linux-gnu/OGRE-1.8.0/Plugin_BSPSceneManager
11:23:23: Installing plugin: BSP Scene Manager
11:23:23: Plugin successfully installed
11:23:23: Loading library /usr/lib/x86_64-linux-gnu/OGRE-1.8.0/Plugin_PCZSceneManager
11:23:23: Installing plugin: Portal Connected Zone Scene Manager
11:23:23: PCZone Factory Type 'ZoneType_Default' registered
11:23:23: Plugin successfully installed
11:23:23: Loading library /usr/lib/x86_64-linux-gnu/OGRE-1.8.0/Plugin_OctreeZone
11:23:23: Installing plugin: Octree Zone Factory
11:23:23: Plugin successfully installed
11:23:23: Loading library /usr/lib/x86_64-linux-gnu/OGRE-1.8.0/Plugin_OctreeSceneManager
11:23:23: Installing plugin: Octree Scene Manager
11:23:23: Plugin successfully installed
11:23:23: *-*-* OGRE Initialising
11:23:23: *-*-* Version 1.8.1 (Byatis)
11:23:23: Creating resource group Essential
11:23:23: Added resource location './monkey' of type 'FileSystem' to resource group 'Essential'
11:23:23: CPU Identifier & Features
11:23:23: -------------------------
11:23:23:  *   CPU ID: GenuineIntel: Intel(R) Core(TM) i7-3820 CPU @ 3.60GHz
11:23:23:  *      SSE: yes
11:23:23:  *     SSE2: yes
11:23:23:  *     SSE3: yes
11:23:23:  *      MMX: yes
11:23:23:  *   MMXEXT: yes
11:23:23:  *    3DNOW: no
11:23:23:  * 3DNOWEXT: no
11:23:23:  *     CMOV: yes
11:23:23:  *      TSC: yes
11:23:23:  *      FPU: yes
11:23:23:  *      PRO: yes
11:23:23:  *       HT: no
11:23:23: -------------------------
11:23:23: ******************************
*** Starting GLX Subsystem ***
******************************
11:23:23: Registering ResourceManager for type Texture
11:23:23: GLRenderSystem::_createRenderWindow "Monkey Render Window", 512x424 windowed  miscParams: FSAA=0 displayFrequency=50 MHz gamma=No vsync=No 
11:23:23: GLXWindow::create used FBConfigID = 261
11:23:23: GL_VERSION = 4.4.0 NVIDIA 331.62
11:23:23: GL_VENDOR = NVIDIA Corporation
11:23:23: GL_RENDERER = GeForce GTX 570/PCIe/SSE2
11:23:23: GL_EXTENSIONS = GL_AMD_multi_draw_indirect GL_ARB_arrays_of_arrays GL_ARB_base_instance GL_ARB_blend_func_extended GL_ARB_buffer_storage GL_ARB_clear_buffer_object GL_ARB_clear_texture GL_ARB_color_buffer_float GL_ARB_compatibility GL_ARB_compressed_texture_pixel_storage GL_ARB_conservative_depth GL_ARB_compute_shader GL_ARB_compute_variable_group_size GL_ARB_copy_buffer GL_ARB_copy_image GL_ARB_debug_output GL_ARB_depth_buffer_float GL_ARB_depth_clamp GL_ARB_depth_texture GL_ARB_draw_buffers GL_ARB_draw_buffers_blend GL_ARB_draw_indirect GL_ARB_draw_elements_base_vertex GL_ARB_draw_instanced GL_ARB_enhanced_layouts GL_ARB_ES2_compatibility GL_ARB_ES3_compatibility GL_ARB_explicit_attrib_location GL_ARB_explicit_uniform_location GL_ARB_fragment_coord_conventions GL_ARB_fragment_layer_viewport GL_ARB_fragment_program GL_ARB_fragment_program_shadow GL_ARB_fragment_shader GL_ARB_framebuffer_no_attachments GL_ARB_framebuffer_object GL_ARB_framebuffer_sRGB GL_ARB_geometry_shader4 GL_ARB_get_program_binary GL_ARB_gpu_shader5 GL_ARB_gpu_shader_fp64 GL_ARB_half_float_pixel GL_ARB_half_float_vertex GL_ARB_imaging GL_ARB_indirect_parameters GL_ARB_instanced_arrays GL_ARB_internalformat_query GL_ARB_internalformat_query2 GL_ARB_invalidate_subdata GL_ARB_map_buffer_alignment GL_ARB_map_buffer_range GL_ARB_multi_bind GL_ARB_multi_draw_indirect GL_ARB_multisample GL_ARB_multitexture GL_ARB_occlusion_query GL_ARB_occlusion_query2 GL_ARB_pixel_buffer_object GL_ARB_point_parameters GL_ARB_point_sprite GL_ARB_program_interface_query GL_ARB_provoking_vertex GL_ARB_robust_buffer_access_behavior GL_ARB_robustness GL_ARB_sample_shading GL_ARB_sampler_objects GL_ARB_seamless_cube_map GL_ARB_separate_shader_objects GL_ARB_shader_atomic_counters GL_ARB_shader_bit_encoding GL_ARB_shader_draw_parameters GL_ARB_shader_group_vote GL_ARB_shader_image_load_store GL_ARB_shader_image_size GL_ARB_shader_objects GL_ARB_shader_precision GL_ARB_query_buffer_object GL_ARB_shader_storage_buffer_object GL_ARB_shader_subroutine GL_ARB_shader_texture_lod GL_ARB_shading_language_100 GL_ARB_shading_language_420pack GL_ARB_shading_language_include GL_ARB_shading_language_packing GL_ARB_shadow GL_ARB_stencil_texturing GL_ARB_sync GL_ARB_tessellation_shader GL_ARB_texture_border_clamp GL_ARB_texture_buffer_object GL_ARB_texture_buffer_object_rgb32 GL_ARB_texture_buffer_range GL_ARB_texture_compression GL_ARB_texture_compression_bptc GL_ARB_texture_compression_rgtc GL_ARB_texture_cube_map GL_ARB_texture_cube_map_array GL_ARB_texture_env_add GL_ARB_texture_env_combine GL_ARB_texture_env_crossbar GL_ARB_texture_env_dot3 GL_ARB_texture_float GL_ARB_texture_gather GL_ARB_texture_mirror_clamp_to_edge GL_ARB_texture_mirrored_repeat GL_ARB_texture_multisample GL_ARB_texture_non_power_of_two GL_ARB_texture_query_levels GL_ARB_texture_query_lod GL_ARB_texture_rectangle GL_ARB_texture_rg GL_ARB_texture_rgb10_a2ui GL_ARB_texture_stencil8 GL_ARB_texture_storage GL_ARB_texture_storage_multisample GL_ARB_texture_swizzle GL_ARB_texture_view GL_ARB_timer_query GL_ARB_transform_feedback2 GL_ARB_transform_feedback3 GL_ARB_transform_feedback_instanced GL_ARB_transpose_matrix GL_ARB_uniform_buffer_object GL_ARB_vertex_array_bgra GL_ARB_vertex_array_object GL_ARB_vertex_attrib_64bit GL_ARB_vertex_attrib_binding GL_ARB_vertex_buffer_object GL_ARB_vertex_program GL_ARB_vertex_shader GL_ARB_vertex_type_10f_11f_11f_rev GL_ARB_vertex_type_2_10_10_10_rev GL_ARB_viewport_array GL_ARB_window_pos GL_ATI_draw_buffers GL_ATI_texture_float GL_ATI_texture_mirror_once GL_S3_s3tc GL_EXT_texture_env_add GL_EXT_abgr GL_EXT_bgra GL_EXT_bindable_uniform GL_EXT_blend_color GL_EXT_blend_equation_separate GL_EXT_blend_func_separate GL_EXT_blend_minmax GL_EXT_blend_subtract GL_EXT_compiled_vertex_array GL_EXT_Cg_shader GL_EXT_depth_bounds_test GL_EXT_direct_state_access GL_EXT_draw_buffers2 GL_EXT_draw_instanced GL_EXT_draw_range_elements GL_EXT_fog_coord GL_EXT_framebuffer_blit GL_EXT_framebuffer_multisample GL_EXTX_framebuffer_mixed_formats GL_EXT_framebuffer_multisample_blit_scaled GL_EXT_framebuffer_object GL_EXT_framebuffer_sRGB GL_EXT_geometry_shader4 GL_EXT_gpu_program_parameters GL_EXT_gpu_shader4 GL_EXT_multi_draw_arrays GL_EXT_packed_depth_stencil GL_EXT_packed_float GL_EXT_packed_pixels GL_EXT_pixel_buffer_object GL_EXT_point_parameters GL_EXT_provoking_vertex GL_EXT_rescale_normal GL_EXT_secondary_color GL_EXT_separate_shader_objects GL_EXT_separate_specular_color GL_EXT_shader_image_load_store GL_EXT_shadow_funcs GL_EXT_stencil_two_side GL_EXT_stencil_wrap GL_EXT_texture3D GL_EXT_texture_array GL_EXT_texture_buffer_object GL_EXT_texture_compression_dxt1 GL_EXT_texture_compression_latc GL_EXT_texture_compression_rgtc GL_EXT_texture_compression_s3tc GL_EXT_texture_cube_map GL_EXT_texture_edge_clamp GL_EXT_texture_env_combine GL_EXT_texture_env_dot3 GL_EXT_texture_filter_anisotropic GL_EXT_texture_integer GL_EXT_texture_lod GL_EXT_texture_lod_bias GL_EXT_texture_mirror_clamp GL_EXT_texture_object GL_EXT_texture_shared_exponent GL_EXT_texture_sRGB GL_EXT_texture_sRGB_decode GL_EXT_texture_storage GL_EXT_texture_swizzle GL_EXT_timer_query GL_EXT_transform_feedback2 GL_EXT_vertex_array GL_EXT_vertex_array_bgra GL_EXT_vertex_attrib_64bit GL_EXT_x11_sync_object GL_EXT_import_sync_object GL_IBM_rasterpos_clip GL_IBM_texture_mirrored_repeat GL_KHR_debug GL_KTX_buffer_region GL_NV_bindless_multi_draw_indirect GL_NV_blend_equation_advanced GL_NV_blend_square GL_NV_compute_program5 GL_NV_conditional_render GL_NV_copy_depth_to_color GL_NV_copy_image GL_NV_depth_buffer_float GL_NV_depth_clamp GL_NV_draw_texture GL_NV_ES1_1_compatibility GL_NV_explicit_multisample GL_NV_fence GL_NV_float_buffer GL_NV_fog_distance GL_NV_fragment_program GL_NV_fragment_program_option GL_NV_fragment_program2 GL_NV_framebuffer_multisample_coverage GL_NV_geometry_shader4 GL_NV_gpu_program4 GL_NV_gpu_program4_1 GL_NV_gpu_program5 GL_NV_gpu_program5_mem_extended GL_NV_gpu_program_fp64 GL_NV_gpu_shader5 GL_NV_half_float GL_NV_light_max_exponent GL_NV_multisample_coverage GL_NV_multisample_filter_hint GL_NV_occlusion_query GL_NV_packed_depth_stencil GL_NV_parameter_buffer_object GL_NV_parameter_buffer_object2 GL_NV_path_rendering GL_NV_pixel_data_range GL_NV_point_sprite GL_NV_primitive_restart GL_NV_register_combiners GL_NV_register_combiners2 GL_NV_shader_atomic_counters GL_NV_shader_atomic_float GL_NV_shader_buffer_load GL_NV_shader_storage_buffer_object GL_ARB_sparse_texture GL_NV_texgen_reflection GL_NV_texture_barrier GL_NV_texture_compression_vtc GL_NV_texture_env_combine4 GL_NV_texture_expand_normal GL_NV_texture_multisample GL_NV_texture_rectangle GL_NV_texture_shader GL_NV_texture_shader2 GL_NV_texture_shader3 GL_NV_transform_feedback GL_NV_transform_feedback2 GL_NV_vdpau_interop GL_NV_vertex_array_range GL_NV_vertex_array_range2 GL_NV_vertex_attrib_integer_64bit GL_NV_vertex_buffer_unified_memory GL_NV_vertex_program GL_NV_vertex_program1_1 GL_NV_vertex_program2 GL_NV_vertex_program2_option GL_NV_vertex_program3 GL_NVX_conditional_render GL_NVX_gpu_memory_info GL_SGIS_generate_mipmap GL_SGIS_texture_lod GL_SGIX_depth_texture GL_SGIX_shadow GL_SUN_slice_accum 
11:23:23: Supported GLX extensions: GLX_EXT_visual_info GLX_EXT_visual_rating GLX_SGIX_fbconfig GLX_SGIX_pbuffer GLX_SGI_video_sync GLX_SGI_swap_control GLX_EXT_swap_control GLX_EXT_swap_control_tear GLX_EXT_texture_from_pixmap GLX_EXT_buffer_age GLX_ARB_create_context GLX_ARB_create_context_profile GLX_EXT_create_context_es_profile GLX_EXT_create_context_es2_profile GLX_ARB_create_context_robustness GLX_ARB_multisample GLX_NV_float_buffer GLX_ARB_fbconfig_float GLX_EXT_framebuffer_sRGB GLX_NV_multisample_coverage GLX_ARB_get_proc_address 
11:23:23: ***************************
11:23:23: *** GL Renderer Started ***
11:23:23: ***************************
11:23:23: Registering ResourceManager for type GpuProgram
11:23:23: GLSL support detected
11:23:23: GL: Using GL_EXT_framebuffer_object for rendering to textures (best)
11:23:23: FBO PF_UNKNOWN depth/stencil support: D0S8 D16S0 D24S0 D32S0 Packed-D24S8 
11:23:23: FBO PF_L8 depth/stencil support: D0S0 D0S8 D16S0 D24S0 D32S0 Packed-D24S8 
11:23:23: FBO PF_A8 depth/stencil support: D0S0 D0S8 D16S0 D24S0 D32S0 Packed-D24S8 
11:23:23: FBO PF_A4L4 depth/stencil support: D0S0 D0S8 D16S0 D24S0 D32S0 Packed-D24S8 
11:23:23: FBO PF_BYTE_LA depth/stencil support: D0S0 D0S8 D16S0 D24S0 D32S0 Packed-D24S8 
11:23:23: FBO PF_R5G6B5 depth/stencil support: D0S0 D0S8 D16S0 D24S0 D32S0 Packed-D24S8 
11:23:23: FBO PF_B5G6R5 depth/stencil support: D0S0 D0S8 D16S0 D24S0 D32S0 Packed-D24S8 
11:23:23: FBO PF_A4R4G4B4 depth/stencil support: D0S0 D0S8 D16S0 D24S0 D32S0 Packed-D24S8 
11:23:23: FBO PF_A1R5G5B5 depth/stencil support: D0S0 D0S8 D16S0 D24S0 D32S0 Packed-D24S8 
11:23:23: FBO PF_R8G8B8 depth/stencil support: D0S0 D0S8 D16S0 D24S0 D32S0 Packed-D24S8 
11:23:23: FBO PF_B8G8R8 depth/stencil support: D0S0 D0S8 D16S0 D24S0 D32S0 Packed-D24S8 
11:23:23: FBO PF_A8R8G8B8 depth/stencil support: D0S0 D0S8 D16S0 D24S0 D32S0 Packed-D24S8 
11:23:23: FBO PF_B8G8R8A8 depth/stencil support: D0S0 D0S8 D16S0 D24S0 D32S0 Packed-D24S8 
11:23:23: FBO PF_A2R10G10B10 depth/stencil support: D0S0 D0S8 D16S0 D24S0 D32S0 Packed-D24S8 
11:23:23: FBO PF_A2B10G10R10 depth/stencil support: D0S0 D0S8 D16S0 D24S0 D32S0 Packed-D24S8 
11:23:23: FBO PF_FLOAT16_RGB depth/stencil support: D0S0 D0S8 D16S0 D24S0 D32S0 Packed-D24S8 
11:23:23: FBO PF_FLOAT16_RGBA depth/stencil support: D0S0 D0S8 D16S0 D24S0 D32S0 Packed-D24S8 
11:23:23: FBO PF_FLOAT32_RGB depth/stencil support: D0S0 D0S8 D16S0 D24S0 D32S0 Packed-D24S8 
11:23:23: FBO PF_FLOAT32_RGBA depth/stencil support: D0S0 D0S8 D16S0 D24S0 D32S0 Packed-D24S8 
11:23:23: FBO PF_X8R8G8B8 depth/stencil support: D0S0 D0S8 D16S0 D24S0 D32S0 Packed-D24S8 
11:23:23: FBO PF_X8B8G8R8 depth/stencil support: D0S0 D0S8 D16S0 D24S0 D32S0 Packed-D24S8 
11:23:23: FBO PF_SHORT_RGBA depth/stencil support: D0S0 D0S8 D16S0 D24S0 D32S0 Packed-D24S8 
11:23:23: FBO PF_R3G3B2 depth/stencil support: D0S0 D0S8 D16S0 D24S0 D32S0 Packed-D24S8 
11:23:23: FBO PF_FLOAT16_R depth/stencil support: D0S0 D0S8 D16S0 D24S0 D32S0 Packed-D24S8 
11:23:23: FBO PF_FLOAT32_R depth/stencil support: D0S0 D0S8 D16S0 D24S0 D32S0 Packed-D24S8 
11:23:23: FBO PF_FLOAT16_GR depth/stencil support: D0S0 D0S8 D16S0 D24S0 D32S0 Packed-D24S8 
11:23:23: FBO PF_FLOAT32_GR depth/stencil support: D0S0 D0S8 D16S0 D24S0 D32S0 Packed-D24S8 
11:23:23: FBO PF_SHORT_RGB depth/stencil support: D0S0 D0S8 D16S0 D24S0 D32S0 Packed-D24S8 
11:23:23: [GL] : Valid FBO targets PF_UNKNOWN PF_L8 PF_A8 PF_A4L4 PF_BYTE_LA PF_R5G6B5 PF_B5G6R5 PF_A4R4G4B4 PF_A1R5G5B5 PF_R8G8B8 PF_B8G8R8 PF_A8R8G8B8 PF_B8G8R8A8 PF_A2R10G10B10 PF_A2B10G10R10 PF_FLOAT16_RGB PF_FLOAT16_RGBA PF_FLOAT32_RGB PF_FLOAT32_RGBA PF_X8R8G8B8 PF_X8B8G8R8 PF_SHORT_RGBA PF_R3G3B2 PF_FLOAT16_R PF_FLOAT32_R PF_FLOAT16_GR PF_FLOAT32_GR PF_SHORT_RGB 
11:23:23: RenderSystem capabilities
11:23:23: -------------------------
11:23:23: RenderSystem Name: OpenGL Rendering Subsystem
11:23:23: GPU Vendor: nvidia
11:23:23: Device Name: GeForce GTX 570/PCIe/SSE2
11:23:23: Driver Version: 4.4.0.0
11:23:23:  * Fixed function pipeline: yes
11:23:23:  * Hardware generation of mipmaps: yes
11:23:23:  * Texture blending: yes
11:23:23:  * Anisotropic texture filtering: yes
11:23:23:  * Dot product texture operation: yes
11:23:23:  * Cube mapping: yes
11:23:23:  * Hardware stencil buffer: yes
11:23:23:    - Stencil depth: 8
11:23:23:    - Two sided stencil support: yes
11:23:23:    - Wrap stencil values: yes
11:23:23:  * Hardware vertex / index buffers: yes
11:23:23:  * Vertex programs: yes
11:23:23:  * Number of floating-point constants for vertex programs: 1024
11:23:23:  * Number of integer constants for vertex programs: 0
11:23:23:  * Number of boolean constants for vertex programs: 0
11:23:23:  * Fragment programs: yes
11:23:23:  * Number of floating-point constants for fragment programs: 512
11:23:23:  * Number of integer constants for fragment programs: 0
11:23:23:  * Number of boolean constants for fragment programs: 0
11:23:23:  * Geometry programs: yes
11:23:23:  * Number of floating-point constants for geometry programs: 2048
11:23:23:  * Number of integer constants for geometry programs: 0
11:23:23:  * Number of boolean constants for geometry programs: 0
11:23:23:  * Supported Shader Profiles: arbfp1 arbvp1 fp20 fp30 fp40 glsl gp4fp gp4gp gp4vp gpu_fp gpu_gp gpu_vp nvgp4 vp30 vp40
11:23:23:  * Texture Compression: yes
11:23:23:    - DXT: yes
11:23:23:    - VTC: yes
11:23:23:    - PVRTC: no
11:23:23:  * Scissor Rectangle: yes
11:23:23:  * Hardware Occlusion Query: yes
11:23:23:  * User clip planes: yes
11:23:23:  * VET_UBYTE4 vertex element type: yes
11:23:23:  * Infinite far plane projection: yes
11:23:23:  * Hardware render-to-texture: yes
11:23:23:  * Floating point textures: yes
11:23:23:  * Non-power-of-two textures: yes
11:23:23:  * Volume textures: yes
11:23:23:  * Multiple Render Targets: 8
11:23:23:    - With different bit depths: yes
11:23:23:  * Point Sprites: yes
11:23:23:  * Extended point parameters: yes
11:23:23:  * Max Point Size: 2047
11:23:23:  * Vertex texture fetch: yes
11:23:23:  * Number of world matrices: 0
11:23:23:  * Number of texture units: 32
11:23:23:  * Stencil buffer depth: 8
11:23:23:  * Number of vertex blend matrices: 0
11:23:23:    - Max vertex textures: 32
11:23:23:    - Vertex textures shared: yes
11:23:23:  * Render to Vertex Buffer : yes
11:23:23:  * GL 1.5 without VBO workaround: no
11:23:23:  * Frame Buffer objects: yes
11:23:23:  * Frame Buffer objects (ARB extension): no
11:23:23:  * Frame Buffer objects (ATI extension): no
11:23:23:  * PBuffer support: yes
11:23:23:  * GL 1.5 without HW-occlusion workaround: no
11:23:23:  * Separate shader objects: no
11:23:23: DefaultWorkQueue('Root') initialising on thread 7f6267033ac0.
11:23:23: DefaultWorkQueue('Root')::WorkerFunc - thread 7f623d48f700 starting.
11:23:23: DefaultWorkQueue('Root')::WorkerFunc - thread 7f6228e59700 starting.
11:23:23: DefaultWorkQueue('Root')::WorkerFunc - thread 7f6227e57700 starting.
11:23:23: DefaultWorkQueue('Root')::WorkerFunc - thread 7f622965a700 starting.
11:23:23: DefaultWorkQueue('Root')::WorkerFunc - thread 7f6228658700 starting.
11:23:23: DefaultWorkQueue('Root')::WorkerFunc - thread 7f6227656700 starting.
11:23:23: DefaultWorkQueue('Root')::WorkerFunc - thread 7f6226e55700 starting.
11:23:23: DefaultWorkQueue('Root')::WorkerFunc - thread 7f6226654700 starting.
11:23:23: Particle Renderer Type 'billboard' registered
11:23:23: SceneManagerFactory for type 'BspSceneManager' registered.
11:23:23: Registering ResourceManager for type BspLevel
11:23:23: SceneManagerFactory for type 'PCZSceneManager' registered.
11:23:23: MovableObjectFactory for type 'PCZLight' registered.
11:23:23: MovableObjectFactory for type 'Portal' registered.
11:23:23: MovableObjectFactory for type 'AntiPortal' registered.
11:23:23: PCZone Factory Type 'ZoneType_Octree' registered
11:23:23: SceneManagerFactory for type 'OctreeSceneManager' registered.
11:23:23: Parsing scripts for resource group Autodetect
11:23:23: Finished parsing scripts for resource group Autodetect
11:23:23: Creating resources for group Autodetect
11:23:23: All done
11:23:23: Parsing scripts for resource group Essential
11:23:23: Parsing script monkey_transforms_fixed_tail_removed.material
11:23:23: Finished parsing scripts for resource group Essential
11:23:23: Creating resources for group Essential
11:23:23: All done
11:23:23: Parsing scripts for resource group General
11:23:23: Finished parsing scripts for resource group General
11:23:23: Creating resources for group General
11:23:23: All done
11:23:23: Parsing scripts for resource group Internal
11:23:23: Finished parsing scripts for resource group Internal
11:23:23: Creating resources for group Internal
11:23:23: All done
11:23:23: Mesh: Loading MonkeyMESHMesh.mesh.
11:23:23: Skeleton: Loading MonkeyMESHMesh.skeleton
