13:43:20: Creating resource group General
13:43:20: Creating resource group Internal
13:43:20: Creating resource group Autodetect
13:43:20: SceneManagerFactory for type 'DefaultSceneManager' registered.
13:43:20: Registering ResourceManager for type Material
13:43:20: Registering ResourceManager for type Mesh
13:43:20: Registering ResourceManager for type Skeleton
13:43:20: MovableObjectFactory for type 'ParticleSystem' registered.
13:43:20: OverlayElementFactory for type Panel registered.
13:43:20: OverlayElementFactory for type BorderPanel registered.
13:43:20: OverlayElementFactory for type TextArea registered.
13:43:20: Registering ResourceManager for type Font
13:43:20: ArchiveFactory for archive type FileSystem registered.
13:43:20: ArchiveFactory for archive type Zip registered.
13:43:20: ArchiveFactory for archive type EmbeddedZip registered.
13:43:20: DDS codec registering
13:43:20: FreeImage version: 3.15.4
13:43:20: This program uses FreeImage, a free, open source image library supporting all common bitmap formats. See http://freeimage.sourceforge.net for details
13:43:20: Supported formats: bmp,ico,jpg,jif,jpeg,jpe,jng,koa,iff,lbm,mng,pbm,pbm,pcd,pcx,pgm,pgm,png,ppm,ppm,ras,tga,targa,tif,tiff,wap,wbmp,wbm,psd,cut,xbm,xpm,gif,hdr,g3,sgi,exr,j2k,j2c,jp2,pfm,pct,pict,pic,3fr,arw,bay,bmq,cap,cine,cr2,crw,cs1,dc2,dcr,drf,dsc,dng,erf,fff,ia,iiq,k25,kc2,kdc,mdc,mef,mos,mrw,nef,nrw,orf,pef,ptx,pxn,qtk,raf,raw,rdc,rw2,rwl,rwz,sr2,srf,srw,sti
13:43:20: Registering ResourceManager for type HighLevelGpuProgram
13:43:20: Registering ResourceManager for type Compositor
13:43:20: MovableObjectFactory for type 'Entity' registered.
13:43:20: MovableObjectFactory for type 'Light' registered.
13:43:20: MovableObjectFactory for type 'BillboardSet' registered.
13:43:20: MovableObjectFactory for type 'ManualObject' registered.
13:43:20: MovableObjectFactory for type 'BillboardChain' registered.
13:43:20: MovableObjectFactory for type 'RibbonTrail' registered.
13:43:20: OGRE EXCEPTION(6:FileNotFoundException): 'plugins.cfg' file not found! in ConfigFile::load at /build/buildd/ogre-1.8-1.8.1+dfsg/OgreMain/src/OgreConfigFile.cpp (line 88)
13:43:20: plugins.cfg not found, automatic plugin loading disabled.
13:43:20: *-*-* OGRE Initialising
13:43:20: *-*-* Version 1.8.1 (Byatis)
13:43:20: OGRE EXCEPTION(6:FileNotFoundException): 'resources.cfg' file not found! in ConfigFile::load at /build/buildd/ogre-1.8-1.8.1+dfsg/OgreMain/src/OgreConfigFile.cpp (line 88)
